<?xml version="1.0" encoding="UTF-8"?>
<testng-results skipped="1" failed="0" total="1" passed="0">
  <reporter-output>
  </reporter-output>
  <suite name="Suite" duration-ms="33085" started-at="2015-10-09T11:43:38Z" finished-at="2015-10-09T11:44:11Z">
    <groups>
    </groups>
    <test name="Test" duration-ms="33085" started-at="2015-10-09T11:43:38Z" finished-at="2015-10-09T11:44:11Z">
      <class name="iOS.MyTest">
        <test-method status="PASS" signature="setUp()[pri:0, instance:iOS.MyTest@5ba23b66]" name="setUp" is-config="true" duration-ms="32713" started-at="2015-10-09T12:43:38Z" finished-at="2015-10-09T12:44:10Z">
          <reporter-output>
          </reporter-output>
        </test-method> <!-- setUp -->
        <test-method status="FAIL" signature="setUp()[pri:0, instance:iOS.MyTest@5ba23b66]" name="setUp" is-config="true" duration-ms="0" started-at="2015-10-09T12:44:10Z" finished-at="2015-10-09T12:44:10Z">
          <exception class="org.openqa.selenium.SessionNotCreatedException">
            <message>
              <![CDATA[A new session could not be created. (Original error: Requested a new session but one was in progress) (WARNING: The server did not provide any stacktrace information)
Command duration or timeout: 299 milliseconds
Build info: version: '2.47.1', revision: 'unknown', time: '2015-07-30 11:02:44'
System info: host: 'ldswks-sbx01', ip: '127.0.1.1', os.name: 'Linux', os.arch: 'amd64', os.version: '3.19.0-30-generic', java.version: '1.8.0_60'
Driver info: org.openqa.selenium.remote.RemoteWebDriver]]>
            </message>
            <full-stacktrace>
              <![CDATA[org.openqa.selenium.SessionNotCreatedException: A new session could not be created. (Original error: Requested a new session but one was in progress) (WARNING: The server did not provide any stacktrace information)
Command duration or timeout: 299 milliseconds
Build info: version: '2.47.1', revision: 'unknown', time: '2015-07-30 11:02:44'
System info: host: 'ldswks-sbx01', ip: '127.0.1.1', os.name: 'Linux', os.arch: 'amd64', os.version: '3.19.0-30-generic', java.version: '1.8.0_60'
Driver info: org.openqa.selenium.remote.RemoteWebDriver
	at sun.reflect.NativeConstructorAccessorImpl.newInstance0(Native Method)
	at sun.reflect.NativeConstructorAccessorImpl.newInstance(NativeConstructorAccessorImpl.java:62)
	at sun.reflect.DelegatingConstructorAccessorImpl.newInstance(DelegatingConstructorAccessorImpl.java:45)
	at java.lang.reflect.Constructor.newInstance(Constructor.java:422)
	at org.openqa.selenium.remote.ErrorHandler.createThrowable(ErrorHandler.java:206)
	at org.openqa.selenium.remote.ErrorHandler.throwIfResponseFailed(ErrorHandler.java:158)
	at org.openqa.selenium.remote.RemoteWebDriver.execute(RemoteWebDriver.java:595)
	at org.openqa.selenium.remote.RemoteWebDriver.startSession(RemoteWebDriver.java:242)
	at org.openqa.selenium.remote.RemoteWebDriver.<init>(RemoteWebDriver.java:128)
	at org.openqa.selenium.remote.RemoteWebDriver.<init>(RemoteWebDriver.java:155)
	at iOS.MyTest.setUp(MyTest.java:40)
	at sun.reflect.NativeMethodAccessorImpl.invoke0(Native Method)
	at sun.reflect.NativeMethodAccessorImpl.invoke(NativeMethodAccessorImpl.java:62)
	at sun.reflect.DelegatingMethodAccessorImpl.invoke(DelegatingMethodAccessorImpl.java:43)
	at java.lang.reflect.Method.invoke(Method.java:497)
	at org.testng.internal.MethodInvocationHelper.invokeMethod(MethodInvocationHelper.java:80)
	at org.testng.internal.Invoker.invokeConfigurationMethod(Invoker.java:564)
	at org.testng.internal.Invoker.invokeConfigurations(Invoker.java:213)
	at org.testng.internal.Invoker.invokeMethod(Invoker.java:653)
	at org.testng.internal.Invoker.invokeTestMethod(Invoker.java:901)
	at org.testng.internal.Invoker.invokeTestMethods(Invoker.java:1231)
	at org.testng.internal.TestMethodWorker.invokeTestMethods(TestMethodWorker.java:127)
	at org.testng.internal.TestMethodWorker.run(TestMethodWorker.java:111)
	at org.testng.TestRunner.privateRun(TestRunner.java:767)
	at org.testng.TestRunner.run(TestRunner.java:617)
	at org.testng.SuiteRunner.runTest(SuiteRunner.java:334)
	at org.testng.SuiteRunner.runSequentially(SuiteRunner.java:329)
	at org.testng.SuiteRunner.privateRun(SuiteRunner.java:291)
	at org.testng.SuiteRunner.run(SuiteRunner.java:240)
	at org.testng.SuiteRunnerWorker.runSuite(SuiteRunnerWorker.java:52)
	at org.testng.SuiteRunnerWorker.run(SuiteRunnerWorker.java:86)
	at org.testng.TestNG.runSuitesSequentially(TestNG.java:1198)
	at org.testng.TestNG.runSuitesLocally(TestNG.java:1123)
	at org.testng.TestNG.run(TestNG.java:1031)
	at org.testng.remote.RemoteTestNG.run(RemoteTestNG.java:111)
	at org.testng.remote.RemoteTestNG.initAndRun(RemoteTestNG.java:204)
	at org.testng.remote.RemoteTestNG.main(RemoteTestNG.java:175)
]]>
            </full-stacktrace>
          </exception> <!-- org.openqa.selenium.SessionNotCreatedException -->
          <reporter-output>
          </reporter-output>
        </test-method> <!-- setUp -->
        <test-method status="SKIP" signature="appiumExampleTest()[pri:0, instance:iOS.MyTest@5ba23b66]" name="appiumExampleTest" duration-ms="1" started-at="2015-10-09T12:44:11Z" finished-at="2015-10-09T12:44:11Z">
          <reporter-output>
          </reporter-output>
        </test-method> <!-- appiumExampleTest -->
        <test-method status="SKIP" signature="tearDown()[pri:0, instance:iOS.MyTest@5ba23b66]" name="tearDown" is-config="true" duration-ms="0" started-at="2015-10-09T12:44:11Z" finished-at="2015-10-09T12:44:11Z">
          <reporter-output>
          </reporter-output>
        </test-method> <!-- tearDown -->
        <test-method status="SKIP" signature="tearDown()[pri:0, instance:iOS.MyTest@5ba23b66]" name="tearDown" is-config="true" duration-ms="0" started-at="2015-10-09T12:44:11Z" finished-at="2015-10-09T12:44:11Z">
          <reporter-output>
          </reporter-output>
        </test-method> <!-- tearDown -->
      </class> <!-- iOS.MyTest -->
    </test> <!-- Test -->
  </suite> <!-- Suite -->
</testng-results>
